d:\gof\05.singleton\singletondp\debug\singletondp.pch
d:\gof\05.singleton\singletondp\debug\vc140.pdb
d:\gof\05.singleton\singletondp\debug\vc140.idb
d:\gof\05.singleton\singletondp\debug\stdafx.obj
d:\gof\05.singleton\singletondp\debug\singletondp.obj
d:\gof\05.singleton\singletondp\debug\interobject.obj
d:\gof\05.singleton\singletondp\debug\momorycard.obj
d:\gof\05.singleton\singletondp\debug\camera.obj
d:\gof\05.singleton\singletondp\debug\demo.obj
d:\gof\04.prototype\prototypedp\debug\singletondp.pdb
d:\gof\05.singleton\singletondp\debug\singletondp.tlog\cl.command.1.tlog
d:\gof\05.singleton\singletondp\debug\singletondp.tlog\cl.read.1.tlog
d:\gof\05.singleton\singletondp\debug\singletondp.tlog\cl.write.1.tlog
d:\gof\05.singleton\singletondp\debug\singletondp.tlog\link-cvtres.read.1.tlog
d:\gof\05.singleton\singletondp\debug\singletondp.tlog\link-cvtres.write.1.tlog
d:\gof\05.singleton\singletondp\debug\singletondp.tlog\link-rc.read.1.tlog
d:\gof\05.singleton\singletondp\debug\singletondp.tlog\link-rc.write.1.tlog
d:\gof\05.singleton\singletondp\debug\singletondp.tlog\link.command.1.tlog
d:\gof\05.singleton\singletondp\debug\singletondp.tlog\link.read.1.tlog
d:\gof\05.singleton\singletondp\debug\singletondp.tlog\link.write.1.tlog
